# JRE version: OpenJDK Runtime Environment (21.0.7) (build 21.0.7+-13880790-b1038.58)
# Java VM: OpenJDK 64-Bit Server VM (21.0.7+-13880790-b1038.58, mixed mode, tiered, compressed oops, compressed class ptrs, g1 gc, windows-amd64)
GC Precious Log:
 CardTable entry size: 512
 Card Set container configuration: InlinePtr #cards 5 size 8 Array Of Cards #cards 12 size 40 Howl #buckets 4 coarsen threshold 1843 Howl Bitmap #cards 512 size 80 coarsen threshold 460 Card regions per heap region 1 cards per card region 2048
 CPUs: 8 total, 8 available
 Memory: 5877M
 Large Page Support: Disabled
 NUMA Support: Disabled
 Compressed Oops: Enabled (32-bit)
 Heap Region Size: 1M
 Heap Min Capacity: 8M
 Heap Initial Capacity: 92M
 Heap Max Capacity: 2G
 Pre-touch: Disabled
 Parallel Workers: 8
 Concurrent Workers: 2
 Concurrent Refinement Workers: 8
 Periodic GC: Disabled
Heap:
 garbage-first heap   total 267264K, used 188784K [0x0000000080000000, 0x0000000100000000)
  region size 1024K, 7 young (7168K), 3 survivors (3072K)
 Metaspace       used 151431K, committed 153792K, reserved 1245184K
  class space    used 19474K, committed 20672K, reserved 1048576K
GC Heap History (20 events):
Event: 39.765 GC heap before
{Heap before GC invocations=32 (full 0):
 garbage-first heap   total 229376K, used 206633K [0x0000000080000000, 0x0000000100000000)
  region size 1024K, 72 young (73728K), 10 survivors (10240K)
 Metaspace       used 127135K, committed 129280K, reserved 1179648K
  class space    used 16603K, committed 17664K, reserved 1048576K
}
Event: 39.783 GC heap after
{Heap after GC invocations=33 (full 0):
 garbage-first heap   total 229376K, used 145690K [0x0000000080000000, 0x0000000100000000)
  region size 1024K, 8 young (8192K), 8 survivors (8192K)
 Metaspace       used 127135K, committed 129280K, reserved 1179648K
  class space    used 16603K, committed 17664K, reserved 1048576K
}
Event: 45.227 GC heap before
{Heap before GC invocations=34 (full 0):
 garbage-first heap   total 244736K, used 208154K [0x0000000080000000, 0x0000000100000000)
  region size 1024K, 68 young (69632K), 8 survivors (8192K)
 Metaspace       used 131829K, committed 134080K, reserved 1179648K
  class space    used 17090K, committed 18176K, reserved 1048576K
}
Event: 45.245 GC heap after
{Heap after GC invocations=35 (full 0):
 garbage-first heap   total 244736K, used 152033K [0x0000000080000000, 0x0000000100000000)
  region size 1024K, 9 young (9216K), 9 survivors (9216K)
 Metaspace       used 131829K, committed 134080K, reserved 1179648K
  class space    used 17090K, committed 18176K, reserved 1048576K
}
Event: 48.377 GC heap before
{Heap before GC invocations=35 (full 0):
 garbage-first heap   total 244736K, used 221665K [0x0000000080000000, 0x0000000100000000)
  region size 1024K, 77 young (78848K), 9 survivors (9216K)
 Metaspace       used 134084K, committed 136192K, reserved 1179648K
  class space    used 17323K, committed 18368K, reserved 1048576K
}
Event: 48.385 GC heap after
{Heap after GC invocations=36 (full 0):
 garbage-first heap   total 244736K, used 147383K [0x0000000080000000, 0x0000000100000000)
  region size 1024K, 2 young (2048K), 2 survivors (2048K)
 Metaspace       used 134084K, committed 136192K, reserved 1179648K
  class space    used 17323K, committed 18368K, reserved 1048576K
}
Event: 52.127 GC heap before
{Heap before GC invocations=36 (full 0):
 garbage-first heap   total 244736K, used 228279K [0x0000000080000000, 0x0000000100000000)
  region size 1024K, 81 young (82944K), 2 survivors (2048K)
 Metaspace       used 142111K, committed 144384K, reserved 1179648K
  class space    used 18552K, committed 19648K, reserved 1048576K
}
Event: 52.150 GC heap after
{Heap after GC invocations=37 (full 0):
 garbage-first heap   total 244736K, used 152696K [0x0000000080000000, 0x0000000100000000)
  region size 1024K, 7 young (7168K), 7 survivors (7168K)
 Metaspace       used 142111K, committed 144384K, reserved 1179648K
  class space    used 18552K, committed 19648K, reserved 1048576K
}
Event: 53.468 GC heap before
{Heap before GC invocations=38 (full 0):
 garbage-first heap   total 256000K, used 222328K [0x0000000080000000, 0x0000000100000000)
  region size 1024K, 76 young (77824K), 7 survivors (7168K)
 Metaspace       used 142511K, committed 144768K, reserved 1179648K
  class space    used 18553K, committed 19648K, reserved 1048576K
}
Event: 53.498 GC heap after
{Heap after GC invocations=39 (full 0):
 garbage-first heap   total 256000K, used 156459K [0x0000000080000000, 0x0000000100000000)
  region size 1024K, 5 young (5120K), 5 survivors (5120K)
 Metaspace       used 142511K, committed 144768K, reserved 1179648K
  class space    used 18553K, committed 19648K, reserved 1048576K
}
Event: 55.226 GC heap before
{Heap before GC invocations=39 (full 0):
 garbage-first heap   total 256000K, used 235307K [0x0000000080000000, 0x0000000100000000)
  region size 1024K, 83 young (84992K), 5 survivors (5120K)
 Metaspace       used 142852K, committed 145088K, reserved 1179648K
  class space    used 18604K, committed 19712K, reserved 1048576K
}
Event: 55.245 GC heap after
{Heap after GC invocations=40 (full 0):
 garbage-first heap   total 256000K, used 154622K [0x0000000080000000, 0x0000000100000000)
  region size 1024K, 7 young (7168K), 7 survivors (7168K)
 Metaspace       used 142852K, committed 145088K, reserved 1179648K
  class space    used 18604K, committed 19712K, reserved 1048576K
}
Event: 55.344 GC heap before
{Heap before GC invocations=40 (full 0):
 garbage-first heap   total 256000K, used 160766K [0x0000000080000000, 0x0000000100000000)
  region size 1024K, 14 young (14336K), 7 survivors (7168K)
 Metaspace       used 142864K, committed 145152K, reserved 1179648K
  class space    used 18604K, committed 19712K, reserved 1048576K
}
Event: 55.352 GC heap after
{Heap after GC invocations=41 (full 0):
 garbage-first heap   total 256000K, used 154538K [0x0000000080000000, 0x0000000100000000)
  region size 1024K, 7 young (7168K), 7 survivors (7168K)
 Metaspace       used 142864K, committed 145152K, reserved 1179648K
  class space    used 18604K, committed 19712K, reserved 1048576K
}
Event: 57.325 GC heap before
{Heap before GC invocations=42 (full 0):
 garbage-first heap   total 261120K, used 241578K [0x0000000080000000, 0x0000000100000000)
  region size 1024K, 84 young (86016K), 7 survivors (7168K)
 Metaspace       used 142982K, committed 145216K, reserved 1179648K
  class space    used 18605K, committed 19712K, reserved 1048576K
}
Event: 57.360 GC heap after
{Heap after GC invocations=43 (full 0):
 garbage-first heap   total 265216K, used 173713K [0x0000000080000000, 0x0000000100000000)
  region size 1024K, 11 young (11264K), 11 survivors (11264K)
 Metaspace       used 142982K, committed 145216K, reserved 1179648K
  class space    used 18605K, committed 19712K, reserved 1048576K
}
Event: 61.006 GC heap before
{Heap before GC invocations=43 (full 0):
 garbage-first heap   total 265216K, used 243345K [0x0000000080000000, 0x0000000100000000)
  region size 1024K, 75 young (76800K), 11 survivors (11264K)
 Metaspace       used 145156K, committed 147456K, reserved 1179648K
  class space    used 18803K, committed 19904K, reserved 1048576K
}
Event: 61.033 GC heap after
{Heap after GC invocations=44 (full 0):
 garbage-first heap   total 267264K, used 183972K [0x0000000080000000, 0x0000000100000000)
  region size 1024K, 10 young (10240K), 10 survivors (10240K)
 Metaspace       used 145156K, committed 147456K, reserved 1179648K
  class space    used 18803K, committed 19904K, reserved 1048576K
}
Event: 63.826 GC heap before
{Heap before GC invocations=44 (full 0):
 garbage-first heap   total 267264K, used 242340K [0x0000000080000000, 0x0000000100000000)
  region size 1024K, 67 young (68608K), 10 survivors (10240K)
 Metaspace       used 151178K, committed 153536K, reserved 1245184K
  class space    used 19435K, committed 20608K, reserved 1048576K
}
Event: 63.851 GC heap after
{Heap after GC invocations=45 (full 0):
 garbage-first heap   total 267264K, used 185712K [0x0000000080000000, 0x0000000100000000)
  region size 1024K, 3 young (3072K), 3 survivors (3072K)
 Metaspace       used 151178K, committed 153536K, reserved 1245184K
  class space    used 19435K, committed 20608K, reserved 1048576K
}

